Info: Start Nativelink Simulation process
Info: NativeLink has detected a mixed Verilog and VHDL design -- vhdl simulation models will be used

========= EDA Simulation Settings =====================

Sim Mode              :  RTL
Family                :  max10
Quartus root          :  c:/intelfpga_lite/18.1/quartus/bin64/
Quartus sim root      :  c:/intelfpga_lite/18.1/quartus/eda/sim_lib
Simulation Tool       :  modelsim
Simulation Language   :  vhdl
Version               :  93
Simulation Mode       :  GUI
Sim Output File       :  
Sim SDF file          :  
Sim dir               :  simulation\modelsim

=======================================================

Info: Starting NativeLink simulation with ModelSim software
Sourced NativeLink script c:/intelfpga_lite/18.1/quartus/common/tcl/internal/nativelink/modelsim.tcl
Warning: File RC2014_fpga_run_msim_rtl_vhdl.do already exists - backing up current file as RC2014_fpga_run_msim_rtl_vhdl.do.bak11
Info: Spawning ModelSim Simulation software 
Info: NativeLink simulation flow was successful
